  glad.c
  stb_image_def.cpp
  main.cpp
c:\workspace\workspace_c++\ezg17-kingsrow\kingsrow\shader.h(52): warning C4101: 'infoLog': unreferenced local variable
c:\workspace\workspace_c++\ezg17-kingsrow\kingsrow\shader.h(51): warning C4101: 'success': unreferenced local variable
c:\workspace\workspace_c++\ezg17-kingsrow\kingsrow\main.cpp(96): warning C4244: 'initializing': conversion from 'double' to 'float', possible loss of data
  Generating Code...
glfw3.lib(context.obj) : warning LNK4099: PDB 'glfw.pdb' was not found with 'glfw3.lib(context.obj)' or at 'C:\Workspace\Workspace_C++\ezg17-kingsrow\Debug\glfw.pdb'; linking object as if no debug info
glfw3.lib(init.obj) : warning LNK4099: PDB 'glfw.pdb' was not found with 'glfw3.lib(init.obj)' or at 'C:\Workspace\Workspace_C++\ezg17-kingsrow\Debug\glfw.pdb'; linking object as if no debug info
glfw3.lib(input.obj) : warning LNK4099: PDB 'glfw.pdb' was not found with 'glfw3.lib(input.obj)' or at 'C:\Workspace\Workspace_C++\ezg17-kingsrow\Debug\glfw.pdb'; linking object as if no debug info
glfw3.lib(monitor.obj) : warning LNK4099: PDB 'glfw.pdb' was not found with 'glfw3.lib(monitor.obj)' or at 'C:\Workspace\Workspace_C++\ezg17-kingsrow\Debug\glfw.pdb'; linking object as if no debug info
glfw3.lib(vulkan.obj) : warning LNK4099: PDB 'glfw.pdb' was not found with 'glfw3.lib(vulkan.obj)' or at 'C:\Workspace\Workspace_C++\ezg17-kingsrow\Debug\glfw.pdb'; linking object as if no debug info
glfw3.lib(window.obj) : warning LNK4099: PDB 'glfw.pdb' was not found with 'glfw3.lib(window.obj)' or at 'C:\Workspace\Workspace_C++\ezg17-kingsrow\Debug\glfw.pdb'; linking object as if no debug info
glfw3.lib(win32_init.obj) : warning LNK4099: PDB 'glfw.pdb' was not found with 'glfw3.lib(win32_init.obj)' or at 'C:\Workspace\Workspace_C++\ezg17-kingsrow\Debug\glfw.pdb'; linking object as if no debug info
glfw3.lib(win32_joystick.obj) : warning LNK4099: PDB 'glfw.pdb' was not found with 'glfw3.lib(win32_joystick.obj)' or at 'C:\Workspace\Workspace_C++\ezg17-kingsrow\Debug\glfw.pdb'; linking object as if no debug info
glfw3.lib(win32_monitor.obj) : warning LNK4099: PDB 'glfw.pdb' was not found with 'glfw3.lib(win32_monitor.obj)' or at 'C:\Workspace\Workspace_C++\ezg17-kingsrow\Debug\glfw.pdb'; linking object as if no debug info
glfw3.lib(win32_time.obj) : warning LNK4099: PDB 'glfw.pdb' was not found with 'glfw3.lib(win32_time.obj)' or at 'C:\Workspace\Workspace_C++\ezg17-kingsrow\Debug\glfw.pdb'; linking object as if no debug info
glfw3.lib(win32_tls.obj) : warning LNK4099: PDB 'glfw.pdb' was not found with 'glfw3.lib(win32_tls.obj)' or at 'C:\Workspace\Workspace_C++\ezg17-kingsrow\Debug\glfw.pdb'; linking object as if no debug info
glfw3.lib(win32_window.obj) : warning LNK4099: PDB 'glfw.pdb' was not found with 'glfw3.lib(win32_window.obj)' or at 'C:\Workspace\Workspace_C++\ezg17-kingsrow\Debug\glfw.pdb'; linking object as if no debug info
glfw3.lib(wgl_context.obj) : warning LNK4099: PDB 'glfw.pdb' was not found with 'glfw3.lib(wgl_context.obj)' or at 'C:\Workspace\Workspace_C++\ezg17-kingsrow\Debug\glfw.pdb'; linking object as if no debug info
glfw3.lib(egl_context.obj) : warning LNK4099: PDB 'glfw.pdb' was not found with 'glfw3.lib(egl_context.obj)' or at 'C:\Workspace\Workspace_C++\ezg17-kingsrow\Debug\glfw.pdb'; linking object as if no debug info
  kingsrow.vcxproj -> C:\Workspace\Workspace_C++\ezg17-kingsrow\Debug\kingsrow.exe
  kingsrow.vcxproj -> C:\Workspace\Workspace_C++\ezg17-kingsrow\Debug\kingsrow.pdb (Partial PDB)
